[30-Nov-2020 07:04:40 Europe/Berlin] fopen(StateCensus.csv): failed to open stream: No such file or directory
[30-Nov-2020 07:12:55 Europe/Berlin] fopen(StateCensus.csv): failed to open stream: No such file or directory
[30-Nov-2020 07:18:25 Europe/Berlin] fopen(StateCensus.csv): failed to open stream: No such file or directory
[30-Nov-2020 07:21:31 Europe/Berlin] fopen(StateCensus.csv): failed to open stream: No such file or directory
[30-Nov-2020 07:28:58 Europe/Berlin] Undefined property: CensusAnalyserException::$csv_file_not_found
[30-Nov-2020 10:30:30 Europe/Berlin] Undefined property: CensusAnalyserException::$csv_file_not_found
[30-Nov-2020 11:33:47 Europe/Berlin] Undefined property: CensusAnalyserException::$csv_file_not_found
[01-Dec-2020 16:56:16 Europe/Berlin] PHP Fatal error:  Uncaught Error: Call to undefined method CensusAnalyser::loadStateCensusData() in C:\xampp\htdocs\CensusAnalyser\CensusAnalyser.php:96
Stack trace:
#0 C:\xampp\htdocs\CensusAnalyser\CensusAnalyserTest.php(6): require_once()
#1 phar://C:/bin/phpunit.phar/phpunit/Util/FileLoader.php(52): include_once('C:\\xampp\\htdocs...')
#2 phar://C:/bin/phpunit.phar/phpunit/Util/FileLoader.php(43): PHPUnit\Util\FileLoader::load('C:\\xampp\\htdocs...')
#3 phar://C:/bin/phpunit.phar/phpunit/Runner/StandardTestSuiteLoader.php(43): PHPUnit\Util\FileLoader::checkAndLoad('C:\\xampp\\htdocs...')
#4 phar://C:/bin/phpunit.phar/phpunit/Runner/BaseTestRunner.php(117): PHPUnit\Runner\StandardTestSuiteLoader->load('C:\\xampp\\htdocs...')
#5 phar://C:/bin/phpunit.phar/phpunit/Runner/BaseTestRunner.php(94): PHPUnit\Runner\BaseTestRunner->loadSuiteClass('C:\\xampp\\htdocs...')
#6 phar://C:/bin/phpunit.phar/phpunit/TextUI/Command.php(113): PHPUnit\Runner\BaseTestRunner->getTest('C:\\xampp\\htdocs...', Array)
#7 phar://C:/bin/phpunit.phar/ph in phar://C:/bin/phpunit.phar/phpunit/TextUI/Command.php on line 100
[02-Dec-2020 07:01:40 Europe/Berlin] PHP Fatal error:  Uncaught Error: Call to undefined method CensusAnalyser::sortCensusDataByStateinAscending() in C:\xampp\htdocs\CensusAnalyser\CensusAnalyser.php:98
Stack trace:
#0 C:\xampp\htdocs\CensusAnalyser\CensusAnalyserTest.php(6): require_once()
#1 phar://C:/bin/phpunit.phar/phpunit/Util/FileLoader.php(52): include_once('C:\\xampp\\htdocs...')
#2 phar://C:/bin/phpunit.phar/phpunit/Util/FileLoader.php(43): PHPUnit\Util\FileLoader::load('C:\\xampp\\htdocs...')
#3 phar://C:/bin/phpunit.phar/phpunit/Runner/StandardTestSuiteLoader.php(43): PHPUnit\Util\FileLoader::checkAndLoad('C:\\xampp\\htdocs...')
#4 phar://C:/bin/phpunit.phar/phpunit/Runner/BaseTestRunner.php(117): PHPUnit\Runner\StandardTestSuiteLoader->load('C:\\xampp\\htdocs...')
#5 phar://C:/bin/phpunit.phar/phpunit/Runner/BaseTestRunner.php(94): PHPUnit\Runner\BaseTestRunner->loadSuiteClass('C:\\xampp\\htdocs...')
#6 phar://C:/bin/phpunit.phar/phpunit/TextUI/Command.php(113): PHPUnit\Runner\BaseTestRunner->getTest('C:\\xampp\\htdocs...', Array)
#7 phar://C:/bin/ph in phar://C:/bin/phpunit.phar/phpunit/TextUI/Command.php on line 100
[02-Dec-2020 07:03:14 Europe/Berlin] PHP Notice:  Undefined variable: sortCensusDataByStateCode in C:\xampp\htdocs\CensusAnalyser\CensusAnalyser.php on line 99
[02-Dec-2020 07:03:14 Europe/Berlin] PHP Stack trace:
[02-Dec-2020 07:03:14 Europe/Berlin] PHP   1. {main}() C:\bin\phpunit.phar:0
[02-Dec-2020 07:03:14 Europe/Berlin] PHP   2. PHPUnit\TextUI\Command::main() C:\bin\phpunit.phar:1091
[02-Dec-2020 07:03:14 Europe/Berlin] PHP   3. PHPUnit\TextUI\Command->run() phar://C:/bin/phpunit.phar/phpunit/TextUI/Command.php:98
[02-Dec-2020 07:03:14 Europe/Berlin] PHP   4. PHPUnit\TextUI\TestRunner->getTest() phar://C:/bin/phpunit.phar/phpunit/TextUI/Command.php:113
[02-Dec-2020 07:03:14 Europe/Berlin] PHP   5. PHPUnit\TextUI\TestRunner->loadSuiteClass() phar://C:/bin/phpunit.phar/phpunit/Runner/BaseTestRunner.php:94
[02-Dec-2020 07:03:15 Europe/Berlin] PHP   6. PHPUnit\Runner\StandardTestSuiteLoader->load() phar://C:/bin/phpunit.phar/phpunit/Runner/BaseTestRunner.php:117
[02-Dec-2020 07:03:15 Europe/Berlin] PHP   7. PHPUnit\Util\FileLoader::checkAndLoad() phar://C:/bin/phpunit.phar/phpunit/Runner/StandardTestSuiteLoader.php:43
[02-Dec-2020 07:03:15 Europe/Berlin] PHP   8. PHPUnit\Util\FileLoader::load() phar://C:/bin/phpunit.phar/phpunit/Util/FileLoader.php:43
[02-Dec-2020 07:03:15 Europe/Berlin] PHP   9. include_once() phar://C:/bin/phpunit.phar/phpunit/Util/FileLoader.php:52
[02-Dec-2020 07:03:15 Europe/Berlin] PHP  10. require_once() C:\xampp\htdocs\CensusAnalyser\CensusAnalyserTest.php:6
[02-Dec-2020 07:03:15 Europe/Berlin] PHP Fatal error:  Uncaught Error: Method name must be a string in C:\xampp\htdocs\CensusAnalyser\CensusAnalyser.php:99
Stack trace:
#0 C:\xampp\htdocs\CensusAnalyser\CensusAnalyserTest.php(6): require_once()
#1 phar://C:/bin/phpunit.phar/phpunit/Util/FileLoader.php(52): include_once('C:\\xampp\\htdocs...')
#2 phar://C:/bin/phpunit.phar/phpunit/Util/FileLoader.php(43): PHPUnit\Util\FileLoader::load('C:\\xampp\\htdocs...')
#3 phar://C:/bin/phpunit.phar/phpunit/Runner/StandardTestSuiteLoader.php(43): PHPUnit\Util\FileLoader::checkAndLoad('C:\\xampp\\htdocs...')
#4 phar://C:/bin/phpunit.phar/phpunit/Runner/BaseTestRunner.php(117): PHPUnit\Runner\StandardTestSuiteLoader->load('C:\\xampp\\htdocs...')
#5 phar://C:/bin/phpunit.phar/phpunit/Runner/BaseTestRunner.php(94): PHPUnit\Runner\BaseTestRunner->loadSuiteClass('C:\\xampp\\htdocs...')
#6 phar://C:/bin/phpunit.phar/phpunit/TextUI/Command.php(113): PHPUnit\Runner\BaseTestRunner->getTest('C:\\xampp\\htdocs...', Array)
#7 phar://C:/bin/phpunit.phar/phpunit/TextUI/Command.php(98): PHPU in phar://C:/bin/phpunit.phar/phpunit/TextUI/Command.php on line 100
